2020-04-07 17:15:44.363 [restartedMain] INFO  com.example.push.PushApplication - Starting PushApplication on Farben-PC with PID 232 (E:\workspace3\project-2\WXPUSH\target\classes started by Farben in E:\workspace3\project-2\WXPUSH)
2020-04-07 17:15:44.365 [restartedMain] INFO  com.example.push.PushApplication - The following profiles are active: uat
2020-04-07 17:15:44.437 [restartedMain] INFO  o.s.b.d.env.DevToolsPropertyDefaultsPostProcessor - Devtools property defaults active! Set 'spring.devtools.add-properties' to 'false' to disable
2020-04-07 17:15:44.438 [restartedMain] INFO  o.s.b.d.env.DevToolsPropertyDefaultsPostProcessor - For additional web related logging consider setting the 'logging.level.web' property to 'DEBUG'
2020-04-07 17:15:45.565 [restartedMain] INFO  o.s.c.s.PostProcessorRegistrationDelegate$BeanPostProcessorChecker - Bean 'shiroConfig' of type [com.example.push.configuration.ShiroConfig$$EnhancerBySpringCGLIB$$6b873cbd] is not eligible for getting processed by all BeanPostProcessors (for example: not eligible for auto-proxying)
2020-04-07 17:15:45.797 [restartedMain] INFO  o.s.c.s.PostProcessorRegistrationDelegate$BeanPostProcessorChecker - Bean 'ehCacheManager' of type [org.apache.shiro.cache.ehcache.EhCacheManager] is not eligible for getting processed by all BeanPostProcessors (for example: not eligible for auto-proxying)
2020-04-07 17:15:45.798 [restartedMain] INFO  org.apache.shiro.cache.ehcache.EhCacheManager - Using existing EHCache named [passwordRetryCache]
2020-04-07 17:15:45.816 [restartedMain] INFO  o.s.c.s.PostProcessorRegistrationDelegate$BeanPostProcessorChecker - Bean 'myBatisConfig' of type [com.example.push.configuration.MyBatisConfig$$EnhancerBySpringCGLIB$$63292bff] is not eligible for getting processed by all BeanPostProcessors (for example: not eligible for auto-proxying)
2020-04-07 17:15:46.573 [restartedMain] INFO  com.alibaba.druid.pool.DruidDataSource - {dataSource-1} inited
2020-04-07 17:15:46.573 [restartedMain] INFO  o.s.c.s.PostProcessorRegistrationDelegate$BeanPostProcessorChecker - Bean 'dataSource' of type [com.alibaba.druid.pool.DruidDataSource] is not eligible for getting processed by all BeanPostProcessors (for example: not eligible for auto-proxying)
2020-04-07 17:15:46.688 [restartedMain] INFO  org.apache.shiro.cache.ehcache.EhCacheManager - Using existing EHCache named [passwordRetryCache]
2020-04-07 17:15:46.787 [restartedMain] INFO  com.alibaba.druid.pool.DruidDataSource - {dataSource-1} closed
2020-04-07 17:16:28.293 [restartedMain] INFO  com.example.push.PushApplication - Starting PushApplication on Farben-PC with PID 8932 (E:\workspace3\project-2\WXPUSH\target\classes started by Farben in E:\workspace3\project-2\WXPUSH)
2020-04-07 17:16:28.294 [restartedMain] INFO  com.example.push.PushApplication - The following profiles are active: uat
2020-04-07 17:16:28.349 [restartedMain] INFO  o.s.b.d.env.DevToolsPropertyDefaultsPostProcessor - Devtools property defaults active! Set 'spring.devtools.add-properties' to 'false' to disable
2020-04-07 17:16:28.349 [restartedMain] INFO  o.s.b.d.env.DevToolsPropertyDefaultsPostProcessor - For additional web related logging consider setting the 'logging.level.web' property to 'DEBUG'
2020-04-07 17:16:29.426 [restartedMain] INFO  o.s.c.s.PostProcessorRegistrationDelegate$BeanPostProcessorChecker - Bean 'shiroConfig' of type [com.example.push.configuration.ShiroConfig$$EnhancerBySpringCGLIB$$3a60a36a] is not eligible for getting processed by all BeanPostProcessors (for example: not eligible for auto-proxying)
2020-04-07 17:16:29.640 [restartedMain] INFO  o.s.c.s.PostProcessorRegistrationDelegate$BeanPostProcessorChecker - Bean 'ehCacheManager' of type [org.apache.shiro.cache.ehcache.EhCacheManager] is not eligible for getting processed by all BeanPostProcessors (for example: not eligible for auto-proxying)
2020-04-07 17:16:29.641 [restartedMain] INFO  org.apache.shiro.cache.ehcache.EhCacheManager - Using existing EHCache named [passwordRetryCache]
2020-04-07 17:16:29.661 [restartedMain] INFO  o.s.c.s.PostProcessorRegistrationDelegate$BeanPostProcessorChecker - Bean 'myBatisConfig' of type [com.example.push.configuration.MyBatisConfig$$EnhancerBySpringCGLIB$$320292ac] is not eligible for getting processed by all BeanPostProcessors (for example: not eligible for auto-proxying)
2020-04-07 17:16:30.340 [restartedMain] INFO  com.alibaba.druid.pool.DruidDataSource - {dataSource-1} inited
2020-04-07 17:16:30.340 [restartedMain] INFO  o.s.c.s.PostProcessorRegistrationDelegate$BeanPostProcessorChecker - Bean 'dataSource' of type [com.alibaba.druid.pool.DruidDataSource] is not eligible for getting processed by all BeanPostProcessors (for example: not eligible for auto-proxying)
2020-04-07 17:16:30.633 [restartedMain] INFO  o.s.c.s.PostProcessorRegistrationDelegate$BeanPostProcessorChecker - Bean 'sqlSessionFactory' of type [org.apache.ibatis.session.defaults.DefaultSqlSessionFactory] is not eligible for getting processed by all BeanPostProcessors (for example: not eligible for auto-proxying)
2020-04-07 17:16:30.654 [restartedMain] INFO  o.s.c.s.PostProcessorRegistrationDelegate$BeanPostProcessorChecker - Bean 'mybatis-org.mybatis.spring.boot.autoconfigure.MybatisProperties' of type [org.mybatis.spring.boot.autoconfigure.MybatisProperties] is not eligible for getting processed by all BeanPostProcessors (for example: not eligible for auto-proxying)
2020-04-07 17:16:30.660 [restartedMain] INFO  o.s.c.s.PostProcessorRegistrationDelegate$BeanPostProcessorChecker - Bean 'org.mybatis.spring.boot.autoconfigure.MybatisAutoConfiguration' of type [org.mybatis.spring.boot.autoconfigure.MybatisAutoConfiguration$$EnhancerBySpringCGLIB$$233527d] is not eligible for getting processed by all BeanPostProcessors (for example: not eligible for auto-proxying)
2020-04-07 17:16:30.666 [restartedMain] INFO  o.s.c.s.PostProcessorRegistrationDelegate$BeanPostProcessorChecker - Bean 'sqlSessionTemplate' of type [org.mybatis.spring.SqlSessionTemplate] is not eligible for getting processed by all BeanPostProcessors (for example: not eligible for auto-proxying)
2020-04-07 17:16:30.667 [restartedMain] INFO  o.s.c.s.PostProcessorRegistrationDelegate$BeanPostProcessorChecker - Bean 'sysUserMapper' of type [org.mybatis.spring.mapper.MapperFactoryBean] is not eligible for getting processed by all BeanPostProcessors (for example: not eligible for auto-proxying)
2020-04-07 17:16:30.668 [restartedMain] INFO  o.s.c.s.PostProcessorRegistrationDelegate$BeanPostProcessorChecker - Bean 'sysUserMapper' of type [com.sun.proxy.$Proxy59] is not eligible for getting processed by all BeanPostProcessors (for example: not eligible for auto-proxying)
2020-04-07 17:16:30.669 [restartedMain] INFO  o.s.c.s.PostProcessorRegistrationDelegate$BeanPostProcessorChecker - Bean 'credentialsMatcher' of type [com.example.push.shiro.RetryLimitHashedCredentialsMatcher] is not eligible for getting processed by all BeanPostProcessors (for example: not eligible for auto-proxying)
2020-04-07 17:16:30.672 [restartedMain] INFO  o.s.c.s.PostProcessorRegistrationDelegate$BeanPostProcessorChecker - Bean 'shiroRealm' of type [com.example.push.shiro.ShiroRealm] is not eligible for getting processed by all BeanPostProcessors (for example: not eligible for auto-proxying)
2020-04-07 17:16:30.675 [restartedMain] INFO  o.s.c.s.PostProcessorRegistrationDelegate$BeanPostProcessorChecker - Bean 'rememberMeCookie' of type [org.apache.shiro.web.servlet.SimpleCookie] is not eligible for getting processed by all BeanPostProcessors (for example: not eligible for auto-proxying)
2020-04-07 17:16:30.677 [restartedMain] INFO  o.s.c.s.PostProcessorRegistrationDelegate$BeanPostProcessorChecker - Bean 'rememberMeManager' of type [org.apache.shiro.web.mgt.CookieRememberMeManager] is not eligible for getting processed by all BeanPostProcessors (for example: not eligible for auto-proxying)
2020-04-07 17:16:30.678 [restartedMain] INFO  org.apache.shiro.cache.ehcache.EhCacheManager - Using existing EHCache named [authenticationCache]
2020-04-07 17:16:30.678 [restartedMain] INFO  org.apache.shiro.cache.ehcache.EhCacheManager - Using existing EHCache named [authorizationCache]
2020-04-07 17:16:30.680 [restartedMain] INFO  o.s.c.s.PostProcessorRegistrationDelegate$BeanPostProcessorChecker - Bean 'sessionListener' of type [com.example.push.shiro.ShiroSessionListener] is not eligible for getting processed by all BeanPostProcessors (for example: not eligible for auto-proxying)
2020-04-07 17:16:30.681 [restartedMain] INFO  o.s.c.s.PostProcessorRegistrationDelegate$BeanPostProcessorChecker - Bean 'sessionIdCookie' of type [org.apache.shiro.web.servlet.SimpleCookie] is not eligible for getting processed by all BeanPostProcessors (for example: not eligible for auto-proxying)
2020-04-07 17:16:30.684 [restartedMain] INFO  o.s.c.s.PostProcessorRegistrationDelegate$BeanPostProcessorChecker - Bean 'sessionIdGenerator' of type [org.apache.shiro.session.mgt.eis.JavaUuidSessionIdGenerator] is not eligible for getting processed by all BeanPostProcessors (for example: not eligible for auto-proxying)
2020-04-07 17:16:30.686 [restartedMain] INFO  o.s.c.s.PostProcessorRegistrationDelegate$BeanPostProcessorChecker - Bean 'sessionDAO' of type [org.apache.shiro.session.mgt.eis.EnterpriseCacheSessionDAO] is not eligible for getting processed by all BeanPostProcessors (for example: not eligible for auto-proxying)
2020-04-07 17:16:30.689 [restartedMain] INFO  o.s.c.s.PostProcessorRegistrationDelegate$BeanPostProcessorChecker - Bean 'sessionManager' of type [org.apache.shiro.web.session.mgt.DefaultWebSessionManager] is not eligible for getting processed by all BeanPostProcessors (for example: not eligible for auto-proxying)
2020-04-07 17:16:30.691 [restartedMain] INFO  o.s.c.s.PostProcessorRegistrationDelegate$BeanPostProcessorChecker - Bean 'securityManager' of type [org.apache.shiro.web.mgt.DefaultWebSecurityManager] is not eligible for getting processed by all BeanPostProcessors (for example: not eligible for auto-proxying)
2020-04-07 17:16:30.694 [restartedMain] INFO  o.s.c.s.PostProcessorRegistrationDelegate$BeanPostProcessorChecker - Bean 'getMethodInvokingFactoryBean' of type [org.springframework.beans.factory.config.MethodInvokingFactoryBean] is not eligible for getting processed by all BeanPostProcessors (for example: not eligible for auto-proxying)
2020-04-07 17:16:30.697 [restartedMain] INFO  org.apache.shiro.cache.ehcache.EhCacheManager - Using existing EHCache named [shiro-activeSessionCache]
2020-04-07 17:16:30.699 [restartedMain] INFO  o.s.c.s.PostProcessorRegistrationDelegate$BeanPostProcessorChecker - Bean 'kickoutSessionControlFilter' of type [com.example.push.shiro.KickoutSessionControlFilter] is not eligible for getting processed by all BeanPostProcessors (for example: not eligible for auto-proxying)
2020-04-07 17:16:30.722 [restartedMain] INFO  o.s.c.s.PostProcessorRegistrationDelegate$BeanPostProcessorChecker - Bean 'org.springframework.transaction.annotation.ProxyTransactionManagementConfiguration' of type [org.springframework.transaction.annotation.ProxyTransactionManagementConfiguration$$EnhancerBySpringCGLIB$$cf5f014d] is not eligible for getting processed by all BeanPostProcessors (for example: not eligible for auto-proxying)
2020-04-07 17:16:30.731 [restartedMain] INFO  o.s.c.s.PostProcessorRegistrationDelegate$BeanPostProcessorChecker - Bean 'authorizationAttributeSourceAdvisor' of type [org.apache.shiro.spring.security.interceptor.AuthorizationAttributeSourceAdvisor] is not eligible for getting processed by all BeanPostProcessors (for example: not eligible for auto-proxying)
2020-04-07 17:16:31.056 [restartedMain] INFO  o.s.boot.web.embedded.tomcat.TomcatWebServer - Tomcat initialized with port(s): 8001 (http)
2020-04-07 17:16:31.070 [restartedMain] INFO  org.apache.coyote.http11.Http11NioProtocol - Initializing ProtocolHandler ["http-nio-8001"]
2020-04-07 17:16:31.077 [restartedMain] INFO  org.apache.catalina.core.StandardService - Starting service [Tomcat]
2020-04-07 17:16:31.078 [restartedMain] INFO  org.apache.catalina.core.StandardEngine - Starting Servlet engine: [Apache Tomcat/9.0.22]
2020-04-07 17:16:31.213 [restartedMain] INFO  o.a.c.core.ContainerBase.[Tomcat].[localhost].[/] - Initializing Spring embedded WebApplicationContext
2020-04-07 17:16:31.213 [restartedMain] INFO  org.springframework.web.context.ContextLoader - Root WebApplicationContext: initialization completed in 2864 ms
2020-04-07 17:16:31.509 [restartedMain] INFO  o.s.scheduling.concurrent.ThreadPoolTaskExecutor - Initializing ExecutorService 'applicationTaskExecutor'
2020-04-07 17:16:31.580 [restartedMain] INFO  o.s.b.a.web.servlet.WelcomePageHandlerMapping - Adding welcome page template: index
2020-04-07 17:16:31.939 [restartedMain] INFO  o.s.b.d.autoconfigure.OptionalLiveReloadServer - LiveReload server is running on port 35729
2020-04-07 17:16:31.978 [restartedMain] INFO  org.apache.coyote.http11.Http11NioProtocol - Starting ProtocolHandler ["http-nio-8001"]
2020-04-07 17:16:32.011 [restartedMain] INFO  o.s.boot.web.embedded.tomcat.TomcatWebServer - Tomcat started on port(s): 8001 (http) with context path ''
2020-04-07 17:16:32.013 [restartedMain] INFO  com.example.push.PushApplication - Started PushApplication in 4.42 seconds (JVM running for 6.267)
2020-04-07 17:16:40.391 [http-nio-8001-exec-1] INFO  o.a.c.core.ContainerBase.[Tomcat].[localhost].[/] - Initializing Spring DispatcherServlet 'dispatcherServlet'
2020-04-07 17:16:40.392 [http-nio-8001-exec-1] INFO  org.springframework.web.servlet.DispatcherServlet - Initializing Servlet 'dispatcherServlet'
2020-04-07 17:16:40.411 [http-nio-8001-exec-1] INFO  org.springframework.web.servlet.DispatcherServlet - Completed initialization in 19 ms
2020-04-07 17:16:40.433 [http-nio-8001-exec-1] INFO  o.a.s.session.mgt.AbstractValidatingSessionManager - Enabling session validation scheduler...
2020-04-07 17:17:27.678 [http-nio-8001-exec-3] INFO  com.example.push.controller.WXPushController - signature:11,timestamp:2019222299333,nonce:suehe,echostr:eeeeeee
2020-04-07 17:17:50.886 [Thread-17] INFO  o.s.scheduling.concurrent.ThreadPoolTaskExecutor - Shutting down ExecutorService 'applicationTaskExecutor'
2020-04-07 17:17:50.887 [Thread-17] INFO  o.a.s.session.mgt.AbstractValidatingSessionManager - Disabled session validation scheduler.
2020-04-07 17:17:50.899 [Thread-17] INFO  com.alibaba.druid.pool.DruidDataSource - {dataSource-1} closed
2020-04-07 17:17:52.292 [restartedMain] INFO  com.example.push.PushApplication - Starting PushApplication on Farben-PC with PID 8932 (E:\workspace3\project-2\WXPUSH\target\classes started by Farben in E:\workspace3\project-2\WXPUSH)
2020-04-07 17:17:52.292 [restartedMain] INFO  com.example.push.PushApplication - The following profiles are active: uat
2020-04-07 17:17:52.598 [restartedMain] INFO  o.s.c.s.PostProcessorRegistrationDelegate$BeanPostProcessorChecker - Bean 'shiroConfig' of type [com.example.push.configuration.ShiroConfig$$EnhancerBySpringCGLIB$$3a60a36a] is not eligible for getting processed by all BeanPostProcessors (for example: not eligible for auto-proxying)
2020-04-07 17:17:52.612 [restartedMain] INFO  o.s.c.s.PostProcessorRegistrationDelegate$BeanPostProcessorChecker - Bean 'ehCacheManager' of type [org.apache.shiro.cache.ehcache.EhCacheManager] is not eligible for getting processed by all BeanPostProcessors (for example: not eligible for auto-proxying)
2020-04-07 17:17:52.613 [restartedMain] INFO  org.apache.shiro.cache.ehcache.EhCacheManager - Using existing EHCache named [passwordRetryCache]
2020-04-07 17:17:52.618 [restartedMain] INFO  o.s.c.s.PostProcessorRegistrationDelegate$BeanPostProcessorChecker - Bean 'myBatisConfig' of type [com.example.push.configuration.MyBatisConfig$$EnhancerBySpringCGLIB$$320292ac] is not eligible for getting processed by all BeanPostProcessors (for example: not eligible for auto-proxying)
2020-04-07 17:17:53.132 [restartedMain] INFO  com.alibaba.druid.pool.DruidDataSource - {dataSource-2} inited
2020-04-07 17:17:53.132 [restartedMain] INFO  o.s.c.s.PostProcessorRegistrationDelegate$BeanPostProcessorChecker - Bean 'dataSource' of type [com.alibaba.druid.pool.DruidDataSource] is not eligible for getting processed by all BeanPostProcessors (for example: not eligible for auto-proxying)
2020-04-07 17:17:53.148 [restartedMain] INFO  o.s.c.s.PostProcessorRegistrationDelegate$BeanPostProcessorChecker - Bean 'sqlSessionFactory' of type [org.apache.ibatis.session.defaults.DefaultSqlSessionFactory] is not eligible for getting processed by all BeanPostProcessors (for example: not eligible for auto-proxying)
2020-04-07 17:17:53.153 [restartedMain] INFO  o.s.c.s.PostProcessorRegistrationDelegate$BeanPostProcessorChecker - Bean 'mybatis-org.mybatis.spring.boot.autoconfigure.MybatisProperties' of type [org.mybatis.spring.boot.autoconfigure.MybatisProperties] is not eligible for getting processed by all BeanPostProcessors (for example: not eligible for auto-proxying)
2020-04-07 17:17:53.155 [restartedMain] INFO  o.s.c.s.PostProcessorRegistrationDelegate$BeanPostProcessorChecker - Bean 'org.mybatis.spring.boot.autoconfigure.MybatisAutoConfiguration' of type [org.mybatis.spring.boot.autoconfigure.MybatisAutoConfiguration$$EnhancerBySpringCGLIB$$233527d] is not eligible for getting processed by all BeanPostProcessors (for example: not eligible for auto-proxying)
2020-04-07 17:17:53.157 [restartedMain] INFO  o.s.c.s.PostProcessorRegistrationDelegate$BeanPostProcessorChecker - Bean 'sqlSessionTemplate' of type [org.mybatis.spring.SqlSessionTemplate] is not eligible for getting processed by all BeanPostProcessors (for example: not eligible for auto-proxying)
2020-04-07 17:17:53.157 [restartedMain] INFO  o.s.c.s.PostProcessorRegistrationDelegate$BeanPostProcessorChecker - Bean 'sysUserMapper' of type [org.mybatis.spring.mapper.MapperFactoryBean] is not eligible for getting processed by all BeanPostProcessors (for example: not eligible for auto-proxying)
2020-04-07 17:17:53.158 [restartedMain] INFO  o.s.c.s.PostProcessorRegistrationDelegate$BeanPostProcessorChecker - Bean 'sysUserMapper' of type [com.sun.proxy.$Proxy71] is not eligible for getting processed by all BeanPostProcessors (for example: not eligible for auto-proxying)
2020-04-07 17:17:53.158 [restartedMain] INFO  o.s.c.s.PostProcessorRegistrationDelegate$BeanPostProcessorChecker - Bean 'credentialsMatcher' of type [com.example.push.shiro.RetryLimitHashedCredentialsMatcher] is not eligible for getting processed by all BeanPostProcessors (for example: not eligible for auto-proxying)
2020-04-07 17:17:53.159 [restartedMain] INFO  o.s.c.s.PostProcessorRegistrationDelegate$BeanPostProcessorChecker - Bean 'shiroRealm' of type [com.example.push.shiro.ShiroRealm] is not eligible for getting processed by all BeanPostProcessors (for example: not eligible for auto-proxying)
2020-04-07 17:17:53.160 [restartedMain] INFO  o.s.c.s.PostProcessorRegistrationDelegate$BeanPostProcessorChecker - Bean 'rememberMeCookie' of type [org.apache.shiro.web.servlet.SimpleCookie] is not eligible for getting processed by all BeanPostProcessors (for example: not eligible for auto-proxying)
2020-04-07 17:17:53.161 [restartedMain] INFO  o.s.c.s.PostProcessorRegistrationDelegate$BeanPostProcessorChecker - Bean 'rememberMeManager' of type [org.apache.shiro.web.mgt.CookieRememberMeManager] is not eligible for getting processed by all BeanPostProcessors (for example: not eligible for auto-proxying)
2020-04-07 17:17:53.161 [restartedMain] INFO  org.apache.shiro.cache.ehcache.EhCacheManager - Using existing EHCache named [authenticationCache]
2020-04-07 17:17:53.161 [restartedMain] INFO  org.apache.shiro.cache.ehcache.EhCacheManager - Using existing EHCache named [authorizationCache]
2020-04-07 17:17:53.162 [restartedMain] INFO  o.s.c.s.PostProcessorRegistrationDelegate$BeanPostProcessorChecker - Bean 'sessionListener' of type [com.example.push.shiro.ShiroSessionListener] is not eligible for getting processed by all BeanPostProcessors (for example: not eligible for auto-proxying)
2020-04-07 17:17:53.163 [restartedMain] INFO  o.s.c.s.PostProcessorRegistrationDelegate$BeanPostProcessorChecker - Bean 'sessionIdCookie' of type [org.apache.shiro.web.servlet.SimpleCookie] is not eligible for getting processed by all BeanPostProcessors (for example: not eligible for auto-proxying)
2020-04-07 17:17:53.164 [restartedMain] INFO  o.s.c.s.PostProcessorRegistrationDelegate$BeanPostProcessorChecker - Bean 'sessionIdGenerator' of type [org.apache.shiro.session.mgt.eis.JavaUuidSessionIdGenerator] is not eligible for getting processed by all BeanPostProcessors (for example: not eligible for auto-proxying)
2020-04-07 17:17:53.164 [restartedMain] INFO  o.s.c.s.PostProcessorRegistrationDelegate$BeanPostProcessorChecker - Bean 'sessionDAO' of type [org.apache.shiro.session.mgt.eis.EnterpriseCacheSessionDAO] is not eligible for getting processed by all BeanPostProcessors (for example: not eligible for auto-proxying)
2020-04-07 17:17:53.165 [restartedMain] INFO  o.s.c.s.PostProcessorRegistrationDelegate$BeanPostProcessorChecker - Bean 'sessionManager' of type [org.apache.shiro.web.session.mgt.DefaultWebSessionManager] is not eligible for getting processed by all BeanPostProcessors (for example: not eligible for auto-proxying)
2020-04-07 17:17:53.165 [restartedMain] INFO  o.s.c.s.PostProcessorRegistrationDelegate$BeanPostProcessorChecker - Bean 'securityManager' of type [org.apache.shiro.web.mgt.DefaultWebSecurityManager] is not eligible for getting processed by all BeanPostProcessors (for example: not eligible for auto-proxying)
2020-04-07 17:17:53.166 [restartedMain] INFO  o.s.c.s.PostProcessorRegistrationDelegate$BeanPostProcessorChecker - Bean 'getMethodInvokingFactoryBean' of type [org.springframework.beans.factory.config.MethodInvokingFactoryBean] is not eligible for getting processed by all BeanPostProcessors (for example: not eligible for auto-proxying)
2020-04-07 17:17:53.167 [restartedMain] INFO  org.apache.shiro.cache.ehcache.EhCacheManager - Using existing EHCache named [shiro-activeSessionCache]
2020-04-07 17:17:53.168 [restartedMain] INFO  o.s.c.s.PostProcessorRegistrationDelegate$BeanPostProcessorChecker - Bean 'kickoutSessionControlFilter' of type [com.example.push.shiro.KickoutSessionControlFilter] is not eligible for getting processed by all BeanPostProcessors (for example: not eligible for auto-proxying)
2020-04-07 17:17:53.175 [restartedMain] INFO  o.s.c.s.PostProcessorRegistrationDelegate$BeanPostProcessorChecker - Bean 'org.springframework.transaction.annotation.ProxyTransactionManagementConfiguration' of type [org.springframework.transaction.annotation.ProxyTransactionManagementConfiguration$$EnhancerBySpringCGLIB$$cf5f014d] is not eligible for getting processed by all BeanPostProcessors (for example: not eligible for auto-proxying)
2020-04-07 17:17:53.177 [restartedMain] INFO  o.s.c.s.PostProcessorRegistrationDelegate$BeanPostProcessorChecker - Bean 'authorizationAttributeSourceAdvisor' of type [org.apache.shiro.spring.security.interceptor.AuthorizationAttributeSourceAdvisor] is not eligible for getting processed by all BeanPostProcessors (for example: not eligible for auto-proxying)
2020-04-07 17:17:53.314 [restartedMain] INFO  o.s.boot.web.embedded.tomcat.TomcatWebServer - Tomcat initialized with port(s): 8001 (http)
2020-04-07 17:17:53.315 [restartedMain] INFO  org.apache.coyote.http11.Http11NioProtocol - Initializing ProtocolHandler ["http-nio-8001"]
2020-04-07 17:17:53.316 [restartedMain] INFO  org.apache.catalina.core.StandardService - Starting service [Tomcat]
2020-04-07 17:17:53.316 [restartedMain] INFO  org.apache.catalina.core.StandardEngine - Starting Servlet engine: [Apache Tomcat/9.0.22]
2020-04-07 17:17:53.341 [restartedMain] INFO  o.a.c.core.ContainerBase.[Tomcat].[localhost].[/] - Initializing Spring embedded WebApplicationContext
2020-04-07 17:17:53.341 [restartedMain] INFO  org.springframework.web.context.ContextLoader - Root WebApplicationContext: initialization completed in 1046 ms
2020-04-07 17:17:53.508 [restartedMain] INFO  o.s.scheduling.concurrent.ThreadPoolTaskExecutor - Initializing ExecutorService 'applicationTaskExecutor'
2020-04-07 17:17:53.539 [restartedMain] INFO  o.s.b.a.web.servlet.WelcomePageHandlerMapping - Adding welcome page template: index
2020-04-07 17:17:53.759 [restartedMain] INFO  o.s.b.d.autoconfigure.OptionalLiveReloadServer - LiveReload server is running on port 35729
2020-04-07 17:17:53.789 [restartedMain] INFO  org.apache.coyote.http11.Http11NioProtocol - Starting ProtocolHandler ["http-nio-8001"]
2020-04-07 17:17:53.795 [restartedMain] INFO  o.s.boot.web.embedded.tomcat.TomcatWebServer - Tomcat started on port(s): 8001 (http) with context path ''
2020-04-07 17:17:53.796 [restartedMain] INFO  com.example.push.PushApplication - Started PushApplication in 1.58 seconds (JVM running for 88.044)
2020-04-07 17:17:53.798 [restartedMain] INFO  o.s.b.d.a.ConditionEvaluationDeltaLoggingListener - Condition evaluation unchanged
2020-04-07 17:17:54.021 [http-nio-8001-exec-1] INFO  o.a.c.core.ContainerBase.[Tomcat].[localhost].[/] - Initializing Spring DispatcherServlet 'dispatcherServlet'
2020-04-07 17:17:54.022 [http-nio-8001-exec-1] INFO  org.springframework.web.servlet.DispatcherServlet - Initializing Servlet 'dispatcherServlet'
2020-04-07 17:17:54.030 [http-nio-8001-exec-1] INFO  org.springframework.web.servlet.DispatcherServlet - Completed initialization in 8 ms
2020-04-07 17:17:54.031 [http-nio-8001-exec-1] INFO  o.a.s.session.mgt.AbstractValidatingSessionManager - Enabling session validation scheduler...
2020-04-07 17:17:54.033 [http-nio-8001-exec-1] INFO  com.example.push.controller.WXPushController - signature:11,timestamp:2019222299333,nonce:suehe,echostr:eeeeeee
2020-04-07 17:32:26.488 [restartedMain] INFO  com.example.push.PushApplication - Starting PushApplication on Farben-PC with PID 9108 (E:\workspace3\project-2\WXPUSH\target\classes started by Farben in E:\workspace3\project-2\WXPUSH)
2020-04-07 17:32:26.490 [restartedMain] INFO  com.example.push.PushApplication - The following profiles are active: uat
2020-04-07 17:32:26.623 [restartedMain] INFO  o.s.b.d.env.DevToolsPropertyDefaultsPostProcessor - Devtools property defaults active! Set 'spring.devtools.add-properties' to 'false' to disable
2020-04-07 17:32:26.623 [restartedMain] INFO  o.s.b.d.env.DevToolsPropertyDefaultsPostProcessor - For additional web related logging consider setting the 'logging.level.web' property to 'DEBUG'
2020-04-07 17:32:27.961 [restartedMain] INFO  o.s.c.s.PostProcessorRegistrationDelegate$BeanPostProcessorChecker - Bean 'shiroConfig' of type [com.example.push.configuration.ShiroConfig$$EnhancerBySpringCGLIB$$87ba5f1e] is not eligible for getting processed by all BeanPostProcessors (for example: not eligible for auto-proxying)
2020-04-07 17:32:28.277 [restartedMain] INFO  o.s.c.s.PostProcessorRegistrationDelegate$BeanPostProcessorChecker - Bean 'ehCacheManager' of type [org.apache.shiro.cache.ehcache.EhCacheManager] is not eligible for getting processed by all BeanPostProcessors (for example: not eligible for auto-proxying)
2020-04-07 17:32:28.278 [restartedMain] INFO  org.apache.shiro.cache.ehcache.EhCacheManager - Using existing EHCache named [passwordRetryCache]
2020-04-07 17:32:28.300 [restartedMain] INFO  o.s.c.s.PostProcessorRegistrationDelegate$BeanPostProcessorChecker - Bean 'myBatisConfig' of type [com.example.push.configuration.MyBatisConfig$$EnhancerBySpringCGLIB$$7f5c4e60] is not eligible for getting processed by all BeanPostProcessors (for example: not eligible for auto-proxying)
2020-04-07 17:32:29.173 [restartedMain] INFO  com.alibaba.druid.pool.DruidDataSource - {dataSource-1} inited
2020-04-07 17:32:29.174 [restartedMain] INFO  o.s.c.s.PostProcessorRegistrationDelegate$BeanPostProcessorChecker - Bean 'dataSource' of type [com.alibaba.druid.pool.DruidDataSource] is not eligible for getting processed by all BeanPostProcessors (for example: not eligible for auto-proxying)
2020-04-07 17:32:29.555 [restartedMain] INFO  o.s.c.s.PostProcessorRegistrationDelegate$BeanPostProcessorChecker - Bean 'sqlSessionFactory' of type [org.apache.ibatis.session.defaults.DefaultSqlSessionFactory] is not eligible for getting processed by all BeanPostProcessors (for example: not eligible for auto-proxying)
2020-04-07 17:32:29.588 [restartedMain] INFO  o.s.c.s.PostProcessorRegistrationDelegate$BeanPostProcessorChecker - Bean 'mybatis-org.mybatis.spring.boot.autoconfigure.MybatisProperties' of type [org.mybatis.spring.boot.autoconfigure.MybatisProperties] is not eligible for getting processed by all BeanPostProcessors (for example: not eligible for auto-proxying)
2020-04-07 17:32:29.601 [restartedMain] INFO  o.s.c.s.PostProcessorRegistrationDelegate$BeanPostProcessorChecker - Bean 'org.mybatis.spring.boot.autoconfigure.MybatisAutoConfiguration' of type [org.mybatis.spring.boot.autoconfigure.MybatisAutoConfiguration$$EnhancerBySpringCGLIB$$4f8d0e31] is not eligible for getting processed by all BeanPostProcessors (for example: not eligible for auto-proxying)
2020-04-07 17:32:29.611 [restartedMain] INFO  o.s.c.s.PostProcessorRegistrationDelegate$BeanPostProcessorChecker - Bean 'sqlSessionTemplate' of type [org.mybatis.spring.SqlSessionTemplate] is not eligible for getting processed by all BeanPostProcessors (for example: not eligible for auto-proxying)
2020-04-07 17:32:29.613 [restartedMain] INFO  o.s.c.s.PostProcessorRegistrationDelegate$BeanPostProcessorChecker - Bean 'sysUserMapper' of type [org.mybatis.spring.mapper.MapperFactoryBean] is not eligible for getting processed by all BeanPostProcessors (for example: not eligible for auto-proxying)
2020-04-07 17:32:29.615 [restartedMain] INFO  o.s.c.s.PostProcessorRegistrationDelegate$BeanPostProcessorChecker - Bean 'sysUserMapper' of type [com.sun.proxy.$Proxy59] is not eligible for getting processed by all BeanPostProcessors (for example: not eligible for auto-proxying)
2020-04-07 17:32:29.616 [restartedMain] INFO  o.s.c.s.PostProcessorRegistrationDelegate$BeanPostProcessorChecker - Bean 'credentialsMatcher' of type [com.example.push.shiro.RetryLimitHashedCredentialsMatcher] is not eligible for getting processed by all BeanPostProcessors (for example: not eligible for auto-proxying)
2020-04-07 17:32:29.624 [restartedMain] INFO  o.s.c.s.PostProcessorRegistrationDelegate$BeanPostProcessorChecker - Bean 'shiroRealm' of type [com.example.push.shiro.ShiroRealm] is not eligible for getting processed by all BeanPostProcessors (for example: not eligible for auto-proxying)
2020-04-07 17:32:29.629 [restartedMain] INFO  o.s.c.s.PostProcessorRegistrationDelegate$BeanPostProcessorChecker - Bean 'rememberMeCookie' of type [org.apache.shiro.web.servlet.SimpleCookie] is not eligible for getting processed by all BeanPostProcessors (for example: not eligible for auto-proxying)
2020-04-07 17:32:29.634 [restartedMain] INFO  o.s.c.s.PostProcessorRegistrationDelegate$BeanPostProcessorChecker - Bean 'rememberMeManager' of type [org.apache.shiro.web.mgt.CookieRememberMeManager] is not eligible for getting processed by all BeanPostProcessors (for example: not eligible for auto-proxying)
2020-04-07 17:32:29.635 [restartedMain] INFO  org.apache.shiro.cache.ehcache.EhCacheManager - Using existing EHCache named [authenticationCache]
2020-04-07 17:32:29.636 [restartedMain] INFO  org.apache.shiro.cache.ehcache.EhCacheManager - Using existing EHCache named [authorizationCache]
2020-04-07 17:32:29.643 [restartedMain] INFO  o.s.c.s.PostProcessorRegistrationDelegate$BeanPostProcessorChecker - Bean 'sessionListener' of type [com.example.push.shiro.ShiroSessionListener] is not eligible for getting processed by all BeanPostProcessors (for example: not eligible for auto-proxying)
2020-04-07 17:32:29.646 [restartedMain] INFO  o.s.c.s.PostProcessorRegistrationDelegate$BeanPostProcessorChecker - Bean 'sessionIdCookie' of type [org.apache.shiro.web.servlet.SimpleCookie] is not eligible for getting processed by all BeanPostProcessors (for example: not eligible for auto-proxying)
2020-04-07 17:32:29.664 [restartedMain] INFO  o.s.c.s.PostProcessorRegistrationDelegate$BeanPostProcessorChecker - Bean 'sessionIdGenerator' of type [org.apache.shiro.session.mgt.eis.JavaUuidSessionIdGenerator] is not eligible for getting processed by all BeanPostProcessors (for example: not eligible for auto-proxying)
2020-04-07 17:32:29.665 [restartedMain] INFO  o.s.c.s.PostProcessorRegistrationDelegate$BeanPostProcessorChecker - Bean 'sessionDAO' of type [org.apache.shiro.session.mgt.eis.EnterpriseCacheSessionDAO] is not eligible for getting processed by all BeanPostProcessors (for example: not eligible for auto-proxying)
2020-04-07 17:32:29.668 [restartedMain] INFO  o.s.c.s.PostProcessorRegistrationDelegate$BeanPostProcessorChecker - Bean 'sessionManager' of type [org.apache.shiro.web.session.mgt.DefaultWebSessionManager] is not eligible for getting processed by all BeanPostProcessors (for example: not eligible for auto-proxying)
2020-04-07 17:32:29.671 [restartedMain] INFO  o.s.c.s.PostProcessorRegistrationDelegate$BeanPostProcessorChecker - Bean 'securityManager' of type [org.apache.shiro.web.mgt.DefaultWebSecurityManager] is not eligible for getting processed by all BeanPostProcessors (for example: not eligible for auto-proxying)
2020-04-07 17:32:29.674 [restartedMain] INFO  o.s.c.s.PostProcessorRegistrationDelegate$BeanPostProcessorChecker - Bean 'getMethodInvokingFactoryBean' of type [org.springframework.beans.factory.config.MethodInvokingFactoryBean] is not eligible for getting processed by all BeanPostProcessors (for example: not eligible for auto-proxying)
2020-04-07 17:32:29.678 [restartedMain] INFO  org.apache.shiro.cache.ehcache.EhCacheManager - Using existing EHCache named [shiro-activeSessionCache]
2020-04-07 17:32:29.680 [restartedMain] INFO  o.s.c.s.PostProcessorRegistrationDelegate$BeanPostProcessorChecker - Bean 'kickoutSessionControlFilter' of type [com.example.push.shiro.KickoutSessionControlFilter] is not eligible for getting processed by all BeanPostProcessors (for example: not eligible for auto-proxying)
2020-04-07 17:32:29.724 [restartedMain] INFO  o.s.c.s.PostProcessorRegistrationDelegate$BeanPostProcessorChecker - Bean 'org.springframework.transaction.annotation.ProxyTransactionManagementConfiguration' of type [org.springframework.transaction.annotation.ProxyTransactionManagementConfiguration$$EnhancerBySpringCGLIB$$1cb8bd01] is not eligible for getting processed by all BeanPostProcessors (for example: not eligible for auto-proxying)
2020-04-07 17:32:29.739 [restartedMain] INFO  o.s.c.s.PostProcessorRegistrationDelegate$BeanPostProcessorChecker - Bean 'authorizationAttributeSourceAdvisor' of type [org.apache.shiro.spring.security.interceptor.AuthorizationAttributeSourceAdvisor] is not eligible for getting processed by all BeanPostProcessors (for example: not eligible for auto-proxying)
2020-04-07 17:32:30.360 [restartedMain] INFO  o.s.boot.web.embedded.tomcat.TomcatWebServer - Tomcat initialized with port(s): 443 (http)
2020-04-07 17:32:30.381 [restartedMain] INFO  org.apache.coyote.http11.Http11NioProtocol - Initializing ProtocolHandler ["http-nio-443"]
2020-04-07 17:32:30.398 [restartedMain] INFO  org.apache.catalina.core.StandardService - Starting service [Tomcat]
2020-04-07 17:32:30.399 [restartedMain] INFO  org.apache.catalina.core.StandardEngine - Starting Servlet engine: [Apache Tomcat/9.0.22]
2020-04-07 17:32:30.596 [restartedMain] INFO  o.a.c.core.ContainerBase.[Tomcat].[localhost].[/] - Initializing Spring embedded WebApplicationContext
2020-04-07 17:32:30.597 [restartedMain] INFO  org.springframework.web.context.ContextLoader - Root WebApplicationContext: initialization completed in 3974 ms
2020-04-07 17:32:31.017 [restartedMain] INFO  o.s.scheduling.concurrent.ThreadPoolTaskExecutor - Initializing ExecutorService 'applicationTaskExecutor'
2020-04-07 17:32:31.129 [restartedMain] INFO  o.s.b.a.web.servlet.WelcomePageHandlerMapping - Adding welcome page template: index
2020-04-07 17:32:31.733 [restartedMain] INFO  o.s.b.d.autoconfigure.OptionalLiveReloadServer - LiveReload server is running on port 35729
2020-04-07 17:32:31.823 [restartedMain] INFO  org.apache.coyote.http11.Http11NioProtocol - Starting ProtocolHandler ["http-nio-443"]
2020-04-07 17:32:31.868 [restartedMain] INFO  o.s.boot.web.embedded.tomcat.TomcatWebServer - Tomcat started on port(s): 443 (http) with context path ''
2020-04-07 17:32:31.874 [restartedMain] INFO  com.example.push.PushApplication - Started PushApplication in 6.128 seconds (JVM running for 9.563)
2020-04-07 17:32:34.471 [http-nio-443-exec-2] INFO  o.a.c.core.ContainerBase.[Tomcat].[localhost].[/] - Initializing Spring DispatcherServlet 'dispatcherServlet'
2020-04-07 17:32:34.471 [http-nio-443-exec-2] INFO  org.springframework.web.servlet.DispatcherServlet - Initializing Servlet 'dispatcherServlet'
2020-04-07 17:32:34.483 [http-nio-443-exec-2] INFO  org.springframework.web.servlet.DispatcherServlet - Completed initialization in 11 ms
2020-04-07 17:32:34.501 [http-nio-443-exec-2] INFO  o.a.s.session.mgt.AbstractValidatingSessionManager - Enabling session validation scheduler...
2020-04-07 17:32:34.543 [http-nio-443-exec-2] INFO  com.example.push.controller.WXPushController - signature:11,timestamp:2019222299333,nonce:suehe,echostr:eeeeeee
2020-04-07 17:32:34.610 [http-nio-443-exec-4] INFO  org.apache.shiro.cache.ehcache.EhCacheManager - Using existing EHCache named [shiro-activeSessionCache]
2020-04-07 17:32:38.196 [http-nio-443-exec-5] INFO  com.example.push.controller.WXPushController - signature:11,timestamp:2019222299333,nonce:suehe,echostr:eeeeeee
2020-04-07 17:32:40.447 [http-nio-443-exec-7] INFO  com.example.push.controller.WXPushController - signature:11,timestamp:2019222299333,nonce:suehe,echostr:eeeeeee
2020-04-07 18:00:59.794 [restartedMain] INFO  com.example.push.PushApplication - Starting PushApplication on Farben-PC with PID 8292 (E:\workspace3\project-2\WXPUSH\target\classes started by Farben in E:\workspace3\project-2\WXPUSH)
2020-04-07 18:00:59.795 [restartedMain] INFO  com.example.push.PushApplication - The following profiles are active: dev
2020-04-07 18:00:59.962 [restartedMain] INFO  o.s.b.d.env.DevToolsPropertyDefaultsPostProcessor - Devtools property defaults active! Set 'spring.devtools.add-properties' to 'false' to disable
2020-04-07 18:00:59.962 [restartedMain] INFO  o.s.b.d.env.DevToolsPropertyDefaultsPostProcessor - For additional web related logging consider setting the 'logging.level.web' property to 'DEBUG'
2020-04-07 18:01:01.094 [restartedMain] INFO  o.s.c.s.PostProcessorRegistrationDelegate$BeanPostProcessorChecker - Bean 'shiroConfig' of type [com.example.push.configuration.ShiroConfig$$EnhancerBySpringCGLIB$$f83a37bb] is not eligible for getting processed by all BeanPostProcessors (for example: not eligible for auto-proxying)
2020-04-07 18:01:01.375 [restartedMain] INFO  o.s.c.s.PostProcessorRegistrationDelegate$BeanPostProcessorChecker - Bean 'ehCacheManager' of type [org.apache.shiro.cache.ehcache.EhCacheManager] is not eligible for getting processed by all BeanPostProcessors (for example: not eligible for auto-proxying)
2020-04-07 18:01:01.375 [restartedMain] INFO  org.apache.shiro.cache.ehcache.EhCacheManager - Using existing EHCache named [passwordRetryCache]
2020-04-07 18:01:01.394 [restartedMain] INFO  o.s.c.s.PostProcessorRegistrationDelegate$BeanPostProcessorChecker - Bean 'myBatisConfig' of type [com.example.push.configuration.MyBatisConfig$$EnhancerBySpringCGLIB$$efdc26fd] is not eligible for getting processed by all BeanPostProcessors (for example: not eligible for auto-proxying)
2020-04-07 18:01:22.604 [restartedMain] INFO  com.alibaba.druid.pool.DruidDataSource - {dataSource-1} inited
2020-04-07 18:01:22.608 [restartedMain] INFO  org.apache.shiro.cache.ehcache.EhCacheManager - Using existing EHCache named [passwordRetryCache]
2020-04-07 18:01:43.699 [restartedMain] INFO  com.alibaba.druid.pool.DruidDataSource - {dataSource-2} inited
2020-04-07 18:02:04.789 [restartedMain] INFO  com.alibaba.druid.pool.DruidDataSource - {dataSource-3} inited
